This is pdfTeX, Version 3.14159265-2.6-1.40.19 (MiKTeX 2.9.6930 64-bit) (preloaded format=pdflatex 2019.3.18)  23 MAR 2019 12:51
entering extended mode
**./Thesis.tex
(Thesis.tex
LaTeX2e <2018-12-01>
(Thesis.cls
Document Class: Thesis 2007/22/02 v1.0 LaTeX document class
("C:\Users\franc\AppData\Local\Programs\MiKTeX 2.9\tex/latex/base\book.cls"
Document Class: book 2018/09/03 v1.4i Standard LaTeX document class
("C:\Users\franc\AppData\Local\Programs\MiKTeX 2.9\tex/latex/base\bk11.clo"
File: bk11.clo 2018/09/03 v1.4i Standard LaTeX file (size option)
)
\c@part=\count80
\c@chapter=\count81
\c@section=\count82
\c@subsection=\count83
\c@subsubsection=\count84
\c@paragraph=\count85
\c@subparagraph=\count86
\c@figure=\count87
\c@table=\count88
\abovecaptionskip=\skip41
\belowcaptionskip=\skip42
\bibindent=\dimen102
)
("C:\Users\franc\AppData\Local\Programs\MiKTeX 2.9\tex/latex/setspace\setspace.
sty"
Package: setspace 2011/12/19 v6.7a set line spacing
)
("C:\Users\franc\AppData\Local\Programs\MiKTeX 2.9\tex/latex/vmargin\vmargin.st
y"
Package: vmargin 2004/07/15 V2.5 set document margins (VK)

Package: vmargin 2004/07/15 V2.5 set document margins (VK)
\PaperWidth=\dimen103
\PaperHeight=\dimen104
)
("C:\Users\franc\AppData\Local\Programs\MiKTeX 2.9\tex/latex/fancyhdr\fancyhdr.
sty"
Package: fancyhdr 2019/01/31 v3.10 Extensive control of page headers and footer
s
\f@nch@headwidth=\skip43
\f@nch@O@elh=\skip44
\f@nch@O@erh=\skip45
\f@nch@O@olh=\skip46
\f@nch@O@orh=\skip47
\f@nch@O@elf=\skip48
\f@nch@O@erf=\skip49
\f@nch@O@olf=\skip50
\f@nch@O@orf=\skip51
)
("C:\Users\franc\AppData\Local\Programs\MiKTeX 2.9\tex/latex/amsmath\amsmath.st
y"
Package: amsmath 2018/12/01 v2.17b AMS math features
\@mathmargin=\skip52

For additional information on amsmath, use the `?' option.

("C:\Users\franc\AppData\Local\Programs\MiKTeX 2.9\tex/latex/amsmath\amstext.st
y"
Package: amstext 2000/06/29 v2.01 AMS text

("C:\Users\franc\AppData\Local\Programs\MiKTeX 2.9\tex/latex/amsmath\amsgen.sty
"
File: amsgen.sty 1999/11/30 v2.0 generic functions
\@emptytoks=\toks14
\ex@=\dimen105
))
("C:\Users\franc\AppData\Local\Programs\MiKTeX 2.9\tex/latex/amsmath\amsbsy.sty
"
Package: amsbsy 1999/11/29 v1.2d Bold Symbols
\pmbraise@=\dimen106
)
("C:\Users\franc\AppData\Local\Programs\MiKTeX 2.9\tex/latex/amsmath\amsopn.sty
"
Package: amsopn 2016/03/08 v2.02 operator names
)
\inf@bad=\count89
LaTeX Info: Redefining \frac on input line 223.
\uproot@=\count90
\leftroot@=\count91
LaTeX Info: Redefining \overline on input line 385.
\classnum@=\count92
\DOTSCASE@=\count93
LaTeX Info: Redefining \ldots on input line 482.
LaTeX Info: Redefining \dots on input line 485.
LaTeX Info: Redefining \cdots on input line 606.
\Mathstrutbox@=\box27
\strutbox@=\box28
\big@size=\dimen107
LaTeX Font Info:    Redeclaring font encoding OML on input line 729.
LaTeX Font Info:    Redeclaring font encoding OMS on input line 730.
\macc@depth=\count94
\c@MaxMatrixCols=\count95
\dotsspace@=\muskip10
\c@parentequation=\count96
\dspbrk@lvl=\count97
\tag@help=\toks15
\row@=\count98
\column@=\count99
\maxfields@=\count100
\andhelp@=\toks16
\eqnshift@=\dimen108
\alignsep@=\dimen109
\tagshift@=\dimen110
\tagwidth@=\dimen111
\totwidth@=\dimen112
\lineht@=\dimen113
\@envbody=\toks17
\multlinegap=\skip53
\multlinetaggap=\skip54
\mathdisplay@stack=\toks18
LaTeX Info: Redefining \[ on input line 2844.
LaTeX Info: Redefining \] on input line 2845.
)
("C:\Users\franc\AppData\Local\Programs\MiKTeX 2.9\tex/latex/amsfonts\amsfonts.
sty"
Package: amsfonts 2013/01/14 v3.01 Basic AMSFonts support
\symAMSa=\mathgroup4
\symAMSb=\mathgroup5
LaTeX Font Info:    Overwriting math alphabet `\mathfrak' in version `bold'
(Font)                  U/euf/m/n --> U/euf/b/n on input line 106.
)
("C:\Users\franc\AppData\Local\Programs\MiKTeX 2.9\tex/latex/amsfonts\amssymb.s
ty"
Package: amssymb 2013/01/14 v3.01 AMS font symbols
)
("C:\Users\franc\AppData\Local\Programs\MiKTeX 2.9\tex/latex/amsmath\amscd.sty"
Package: amscd 2017/04/14 v2.1 AMS Commutative Diagrams
\athelp@=\toks19
\minaw@=\dimen114
\bigaw@=\dimen115
\minCDarrowwidth=\dimen116
) ("C:\Users\franc\AppData\Local\Programs\MiKTeX 2.9\tex/latex/amscls\amsthm.st
y"
Package: amsthm 2017/10/31 v2.20.4
\thm@style=\toks20
\thm@bodyfont=\toks21
\thm@headfont=\toks22
\thm@notefont=\toks23
\thm@headpunct=\toks24
\thm@preskip=\skip55
\thm@postskip=\skip56
\thm@headsep=\skip57
\dth@everypar=\toks25
)
("C:\Users\franc\AppData\Local\Programs\MiKTeX 2.9\tex/latex/tools\xspace.sty"
Package: xspace 2014/10/28 v1.13 Space after command names (DPC,MH)
)
\c@example=\count101
\c@theorem=\count102

("C:\Users\franc\AppData\Local\Programs\MiKTeX 2.9\tex/latex/caption\caption.st
y"
Package: caption 2018/10/06 v3.3-154 Customizing captions (AR)

("C:\Users\franc\AppData\Local\Programs\MiKTeX 2.9\tex/latex/caption\caption3.s
ty"
Package: caption3 2018/09/12 v1.8c caption3 kernel (AR)
Package caption3 Info: TeX engine: e-TeX on input line 64.

("C:\Users\franc\AppData\Local\Programs\MiKTeX 2.9\tex/latex/graphics\keyval.st
y"
Package: keyval 2014/10/28 v1.15 key=value parser (DPC)
\KV@toks@=\toks26
)
\captionmargin=\dimen117
\captionmargin@=\dimen118
\captionwidth=\dimen119
\caption@tempdima=\dimen120
\caption@indent=\dimen121
\caption@parindent=\dimen122
\caption@hangindent=\dimen123
)
\c@caption@flags=\count103
\c@ContinuedFloat=\count104
)
("C:\Users\franc\AppData\Local\Programs\MiKTeX 2.9\tex/latex/graphics\graphicx.
sty"
Package: graphicx 2017/06/01 v1.1a Enhanced LaTeX Graphics (DPC,SPQR)

("C:\Users\franc\AppData\Local\Programs\MiKTeX 2.9\tex/latex/graphics\graphics.
sty"
Package: graphics 2017/06/25 v1.2c Standard LaTeX Graphics (DPC,SPQR)

("C:\Users\franc\AppData\Local\Programs\MiKTeX 2.9\tex/latex/graphics\trig.sty"
Package: trig 2016/01/03 v1.10 sin cos tan (DPC)
)
("C:\Users\franc\AppData\Local\Programs\MiKTeX 2.9\tex/latex/graphics-cfg\graph
ics.cfg"
File: graphics.cfg 2016/06/04 v1.11 sample graphics configuration
)
Package graphics Info: Driver file: pdftex.def on input line 99.

("C:\Users\franc\AppData\Local\Programs\MiKTeX 2.9\tex/latex/graphics-def\pdfte
x.def"
File: pdftex.def 2018/01/08 v1.0l Graphics/color driver for pdftex
))
\Gin@req@height=\dimen124
\Gin@req@width=\dimen125
)
("C:\Users\franc\AppData\Local\Programs\MiKTeX 2.9\tex/latex/oberdiek\epstopdf.
sty"
Package: epstopdf 2016/05/15 v2.6 Conversion with epstopdf on the fly (HO)

("C:\Users\franc\AppData\Local\Programs\MiKTeX 2.9\tex/latex/oberdiek\epstopdf-
base.sty"
Package: epstopdf-base 2016/05/15 v2.6 Base part for package epstopdf

("C:\Users\franc\AppData\Local\Programs\MiKTeX 2.9\tex/generic/oberdiek\infware
rr.sty"
Package: infwarerr 2016/05/16 v1.4 Providing info/warning/error messages (HO)
)
("C:\Users\franc\AppData\Local\Programs\MiKTeX 2.9\tex/latex/oberdiek\grfext.st
y"
Package: grfext 2016/05/16 v1.2 Manage graphics extensions (HO)

("C:\Users\franc\AppData\Local\Programs\MiKTeX 2.9\tex/generic/oberdiek\kvdefin
ekeys.sty"
Package: kvdefinekeys 2016/05/16 v1.4 Define keys (HO)

("C:\Users\franc\AppData\Local\Programs\MiKTeX 2.9\tex/generic/oberdiek\ltxcmds
.sty"
Package: ltxcmds 2016/05/16 v1.23 LaTeX kernel commands for general use (HO)
)))
("C:\Users\franc\AppData\Local\Programs\MiKTeX 2.9\tex/latex/oberdiek\kvoptions
.sty"
Package: kvoptions 2016/05/16 v3.12 Key value format for package options (HO)

("C:\Users\franc\AppData\Local\Programs\MiKTeX 2.9\tex/generic/oberdiek\kvsetke
ys.sty"
Package: kvsetkeys 2016/05/16 v1.17 Key value parser (HO)

("C:\Users\franc\AppData\Local\Programs\MiKTeX 2.9\tex/generic/oberdiek\etexcmd
s.sty"
Package: etexcmds 2016/05/16 v1.6 Avoid name clashes with e-TeX commands (HO)

("C:\Users\franc\AppData\Local\Programs\MiKTeX 2.9\tex/generic/oberdiek\ifluate
x.sty"
Package: ifluatex 2016/05/16 v1.4 Provides the ifluatex switch (HO)
Package ifluatex Info: LuaTeX not detected.
))))
("C:\Users\franc\AppData\Local\Programs\MiKTeX 2.9\tex/generic/oberdiek\pdftexc
mds.sty"
Package: pdftexcmds 2018/09/10 v0.29 Utility functions of pdfTeX for LuaTeX (HO
)

("C:\Users\franc\AppData\Local\Programs\MiKTeX 2.9\tex/generic/oberdiek\ifpdf.s
ty"
Package: ifpdf 2018/09/07 v3.3 Provides the ifpdf switch
)
Package pdftexcmds Info: LuaTeX not detected.
Package pdftexcmds Info: \pdf@primitive is available.
Package pdftexcmds Info: \pdf@ifprimitive is available.
Package pdftexcmds Info: \pdfdraftmode found.
)
Package epstopdf-base Info: Redefining graphics rule for `.eps' on input line 4
38.
Package grfext Info: Graphics extension search list:
(grfext)             [.pdf,.png,.jpg,.mps,.jpeg,.jbig2,.jb2,.PDF,.PNG,.JPG,.JPE
G,.JBIG2,.JB2,.eps]
(grfext)             \AppendGraphicsExtensions on input line 456.
))
("C:\Users\franc\AppData\Local\Programs\MiKTeX 2.9\tex/latex/subfigure\subfigur
e.sty"
Package: subfigure 2002/07/30 v2.1.4 subfigure package
\subfigtopskip=\skip58
\subfigcapskip=\skip59
\subfigcaptopadj=\dimen126
\subfigbottomskip=\skip60
\subfigcapmargin=\dimen127
\subfiglabelskip=\skip61
\c@subfigure=\count105
\c@lofdepth=\count106
\c@subtable=\count107
\c@lotdepth=\count108

****************************************
* Local config file subfigure.cfg used *
****************************************

("C:\Users\franc\AppData\Local\Programs\MiKTeX 2.9\tex/latex/subfigure\subfigur
e.cfg")
\subfig@top=\skip62
\subfig@bottom=\skip63
)
("C:\Users\franc\AppData\Local\Programs\MiKTeX 2.9\tex/latex/booktabs\booktabs.
sty"
Package: booktabs 2005/04/14 v1.61803 publication quality tables
\heavyrulewidth=\dimen128
\lightrulewidth=\dimen129
\cmidrulewidth=\dimen130
\belowrulesep=\dimen131
\belowbottomsep=\dimen132
\aboverulesep=\dimen133
\abovetopsep=\dimen134
\cmidrulesep=\dimen135
\cmidrulekern=\dimen136
\defaultaddspace=\dimen137
\@cmidla=\count109
\@cmidlb=\count110
\@aboverulesep=\dimen138
\@belowrulesep=\dimen139
\@thisruleclass=\count111
\@lastruleclass=\count112
\@thisrulewidth=\dimen140
)
("C:\Users\franc\AppData\Local\Programs\MiKTeX 2.9\tex/latex/graphics\rotating.
sty"
Package: rotating 2016/08/11 v2.16d rotated objects in LaTeX

("C:\Users\franc\AppData\Local\Programs\MiKTeX 2.9\tex/latex/base\ifthen.sty"
Package: ifthen 2014/09/29 v1.1c Standard LaTeX ifthen package (DPC)
)
\c@r@tfl@t=\count113
\rotFPtop=\skip64
\rotFPbot=\skip65
\rot@float@box=\box29
\rot@mess@toks=\toks27
)
("C:\Users\franc\AppData\Local\Programs\MiKTeX 2.9\tex/latex/listings\listings.
sty"
\lst@mode=\count114
\lst@gtempboxa=\box30
\lst@token=\toks28
\lst@length=\count115
\lst@currlwidth=\dimen141
\lst@column=\count116
\lst@pos=\count117
\lst@lostspace=\dimen142
\lst@width=\dimen143
\lst@newlines=\count118
\lst@lineno=\count119
\lst@maxwidth=\dimen144
 (lstpatch.sty

***
*** This is a patch for listings 1.3, but you're using
*** version 1.8b.
***
*** Patch file not loaded.
***

)
("C:\Users\franc\AppData\Local\Programs\MiKTeX 2.9\tex/latex/listings\lstmisc.s
ty"
File: lstmisc.sty 2019/02/27 1.8b (Carsten Heinz)
\c@lstnumber=\count120
\lst@skipnumbers=\count121
\lst@framebox=\box31
)
("C:\Users\franc\AppData\Local\Programs\MiKTeX 2.9\tex/latex/listings\listings.
cfg"
File: listings.cfg 2019/02/27 1.8b listings configuration
))
Package: listings 2019/02/27 1.8b (Carsten Heinz)
 (lstpatch.sty

***
*** This is a patch for listings 1.3, but you're using
*** version 1.8b.
***
 *** Patch file not loaded.
***

)
("C:\Users\franc\AppData\Local\Programs\MiKTeX 2.9\tex/latex/hyperref\hyperref.
sty"
Package: hyperref 2018/11/30 v6.88e Hypertext links for LaTeX

("C:\Users\franc\AppData\Local\Programs\MiKTeX 2.9\tex/generic/oberdiek\hobsub-
hyperref.sty"
Package: hobsub-hyperref 2016/05/16 v1.14 Bundle oberdiek, subset hyperref (HO)


("C:\Users\franc\AppData\Local\Programs\MiKTeX 2.9\tex/generic/oberdiek\hobsub-
generic.sty"
Package: hobsub-generic 2016/05/16 v1.14 Bundle oberdiek, subset generic (HO)
Package: hobsub 2016/05/16 v1.14 Construct package bundles (HO)
Package hobsub Info: Skipping package `infwarerr' (already loaded).
Package hobsub Info: Skipping package `ltxcmds' (already loaded).
Package hobsub Info: Skipping package `ifluatex' (already loaded).
Package: ifvtex 2016/05/16 v1.6 Detect VTeX and its facilities (HO)
Package ifvtex Info: VTeX not detected.
Package: intcalc 2016/05/16 v1.2 Expandable calculations with integers (HO)
Package hobsub Info: Skipping package `ifpdf' (already loaded).
Package hobsub Info: Skipping package `etexcmds' (already loaded).
Package hobsub Info: Skipping package `kvsetkeys' (already loaded).
Package hobsub Info: Skipping package `kvdefinekeys' (already loaded).
Package hobsub Info: Skipping package `pdftexcmds' (already loaded).
Package: pdfescape 2016/05/16 v1.14 Implements pdfTeX's escape features (HO)
Package: bigintcalc 2016/05/16 v1.4 Expandable calculations on big integers (HO
)
Package: bitset 2016/05/16 v1.2 Handle bit-vector datatype (HO)
Package: uniquecounter 2016/05/16 v1.3 Provide unlimited unique counter (HO)
)
Package hobsub Info: Skipping package `hobsub' (already loaded).
Package: letltxmacro 2016/05/16 v1.5 Let assignment for LaTeX macros (HO)
Package: hopatch 2016/05/16 v1.3 Wrapper for package hooks (HO)
Package: xcolor-patch 2016/05/16 xcolor patch
Package: atveryend 2016/05/16 v1.9 Hooks at the very end of document (HO)
Package atveryend Info: \enddocument detected (standard20110627).
Package: atbegshi 2016/06/09 v1.18 At begin shipout hook (HO)
Package: refcount 2016/05/16 v3.5 Data extraction from label references (HO)
Package: hycolor 2016/05/16 v1.8 Color options for hyperref/bookmark (HO)
)
("C:\Users\franc\AppData\Local\Programs\MiKTeX 2.9\tex/generic/ifxetex\ifxetex.
sty"
Package: ifxetex 2010/09/12 v0.6 Provides ifxetex conditional
)
("C:\Users\franc\AppData\Local\Programs\MiKTeX 2.9\tex/latex/oberdiek\auxhook.s
ty"
Package: auxhook 2016/05/16 v1.4 Hooks for auxiliary files (HO)
)
\@linkdim=\dimen145
\Hy@linkcounter=\count122
\Hy@pagecounter=\count123

("C:\Users\franc\AppData\Local\Programs\MiKTeX 2.9\tex/latex/hyperref\pd1enc.de
f"
File: pd1enc.def 2018/11/30 v6.88e Hyperref: PDFDocEncoding definition (HO)
Now handling font encoding PD1 ...
... no UTF-8 mapping file for font encoding PD1
)
\Hy@SavedSpaceFactor=\count124

("C:\Users\franc\AppData\Local\Programs\MiKTeX 2.9\tex/latex/00miktex\hyperref.
cfg"
File: hyperref.cfg 2002/06/06 v1.2 hyperref configuration of TeXLive
)
Package hyperref Info: Option `bookmarks' set `true' on input line 4393.
Package hyperref Info: Option `bookmarksopen' set `true' on input line 4393.
Package hyperref Info: Option `bookmarksnumbered' set `true' on input line 4393
.
Package hyperref Info: Option `hypertexnames' set `false' on input line 4393.
Package hyperref Info: Option `colorlinks' set `true' on input line 4393.
Package hyperref Info: Option `unicode' set `true' on input line 4393.

("C:\Users\franc\AppData\Local\Programs\MiKTeX 2.9\tex/latex/hyperref\puenc.def
"
File: puenc.def 2018/11/30 v6.88e Hyperref: PDF Unicode definition (HO)
Now handling font encoding PU ...
... no UTF-8 mapping file for font encoding PU
)
Package hyperref Info: Option `breaklinks' set `true' on input line 4393.
Package hyperref Info: Hyper figures OFF on input line 4519.
Package hyperref Info: Link nesting OFF on input line 4524.
Package hyperref Info: Hyper index ON on input line 4527.
Package hyperref Info: Plain pages OFF on input line 4534.
Package hyperref Info: Backreferencing OFF on input line 4539.
Package hyperref Info: Implicit mode ON; LaTeX internals redefined.
Package hyperref Info: Bookmarks ON on input line 4772.
\c@Hy@tempcnt=\count125
 ("C:\Users\franc\AppData\Local\Programs\MiKTeX 2.9\tex/latex/url\url.sty"
\Urlmuskip=\muskip11
Package: url 2013/09/16  ver 3.4  Verb mode for urls, etc.
)
LaTeX Info: Redefining \url on input line 5125.
\XeTeXLinkMargin=\dimen146
\Fld@menulength=\count126
\Field@Width=\dimen147
\Fld@charsize=\dimen148
Package hyperref Info: Hyper figures OFF on input line 6380.
Package hyperref Info: Link nesting OFF on input line 6385.
Package hyperref Info: Hyper index ON on input line 6388.
Package hyperref Info: backreferencing OFF on input line 6395.
Package hyperref Info: Link coloring ON on input line 6398.
Package hyperref Info: Link coloring with OCG OFF on input line 6405.
Package hyperref Info: PDF/A mode OFF on input line 6410.
LaTeX Info: Redefining \ref on input line 6450.
LaTeX Info: Redefining \pageref on input line 6454.
\Hy@abspage=\count127
\c@Item=\count128
\c@Hfootnote=\count129
)
Package hyperref Info: Driver (autodetected): hpdftex.

("C:\Users\franc\AppData\Local\Programs\MiKTeX 2.9\tex/latex/hyperref\hpdftex.d
ef"
File: hpdftex.def 2018/11/30 v6.88e Hyperref driver for pdfTeX
\Fld@listcount=\count130
\c@bookmark@seq@number=\count131

("C:\Users\franc\AppData\Local\Programs\MiKTeX 2.9\tex/latex/oberdiek\rerunfile
check.sty"
Package: rerunfilecheck 2016/05/16 v1.8 Rerun checks for auxiliary files (HO)
Package uniquecounter Info: New unique counter `rerunfilecheck' on input line 2
82.
)
\Hy@SectionHShift=\skip66
)
\c@dummy=\count132

("C:\Users\franc\AppData\Local\Programs\MiKTeX 2.9\tex/latex/tools\longtable.st
y"
Package: longtable 2014/10/28 v4.11 Multi-page Table package (DPC)
\LTleft=\skip67
\LTright=\skip68
\LTpre=\skip69
\LTpost=\skip70
\LTchunksize=\count133
\LTcapwidth=\dimen149
\LT@head=\box32
\LT@firsthead=\box33
\LT@foot=\box34
\LT@lastfoot=\box35
\LT@cols=\count134
\LT@rows=\count135
\c@LT@tables=\count136
\c@LT@chunks=\count137
\LT@p@ftn=\toks29
))
("C:\Users\franc\AppData\Local\Programs\MiKTeX 2.9\tex/latex/tools\multicol.sty
"
Package: multicol 2018/11/09 v1.8u multicolumn formatting (FMi)
\c@tracingmulticols=\count138
\mult@box=\box36
\multicol@leftmargin=\dimen150
\c@unbalance=\count139
\c@collectmore=\count140
\doublecol@number=\count141
\multicoltolerance=\count142
\multicolpretolerance=\count143
\full@width=\dimen151
\page@free=\dimen152
\premulticols=\dimen153
\postmulticols=\dimen154
\multicolsep=\skip71
\multicolbaselineskip=\skip72
\partial@page=\box37
\last@line=\box38
\maxbalancingoverflow=\dimen155
\mult@rightbox=\box39
\mult@grightbox=\box40
\mult@gfirstbox=\box41
\mult@firstbox=\box42
\@tempa=\box43
\@tempa=\box44
\@tempa=\box45
\@tempa=\box46
\@tempa=\box47
\@tempa=\box48
\@tempa=\box49
\@tempa=\box50
\@tempa=\box51
\@tempa=\box52
\@tempa=\box53
\@tempa=\box54
\@tempa=\box55
\@tempa=\box56
\@tempa=\box57
\@tempa=\box58
\@tempa=\box59
\c@columnbadness=\count144
\c@finalcolumnbadness=\count145
\last@try=\dimen156
\multicolovershoot=\dimen157
\multicolundershoot=\dimen158
\mult@nat@firstbox=\box60
\colbreak@box=\box61
\mc@col@check@num=\count146
)
("C:\Users\franc\AppData\Local\Programs\MiKTeX 2.9\tex/latex/tools\verbatim.sty
"
Package: verbatim 2014/10/28 v1.5q LaTeX2e package for verbatim enhancements
\every@verbatim=\toks30
\verbatim@line=\toks31
\verbatim@in@stream=\read1
) (vector.sty
Package: vector 1994/09/16 v1.0 vector macros for LaTeX2e (nde)

("C:\Users\franc\AppData\Local\Programs\MiKTeX 2.9\tex/latex/tools\calc.sty"
Package: calc 2017/05/25 v4.3 Infix arithmetic (KKT,FJ)
\calc@Acount=\count147
\calc@Bcount=\count148
\calc@Adimen=\dimen159
\calc@Bdimen=\dimen160
\calc@Askip=\skip73
\calc@Bskip=\skip74
LaTeX Info: Redefining \setlength on input line 80.
LaTeX Info: Redefining \addtolength on input line 81.
\calc@Ccount=\count149
\calc@Cskip=\skip75
)
\c@vec@elem=\count150
)
("C:\Users\franc\AppData\Local\Programs\MiKTeX 2.9\tex/latex/xcolor\xcolor.sty"
Package: xcolor 2016/05/11 v2.12 LaTeX color extensions (UK)

("C:\Users\franc\AppData\Local\Programs\MiKTeX 2.9\tex/latex/graphics-cfg\color
.cfg"
File: color.cfg 2016/01/02 v1.6 sample color configuration
)
Package xcolor Info: Driver file: pdftex.def on input line 225.
Package xcolor Info: Model `cmy' substituted by `cmy0' on input line 1348.
Package xcolor Info: Model `hsb' substituted by `rgb' on input line 1352.
Package xcolor Info: Model `RGB' extended on input line 1364.
Package xcolor Info: Model `HTML' substituted by `rgb' on input line 1366.
Package xcolor Info: Model `Hsb' substituted by `hsb' on input line 1367.
Package xcolor Info: Model `tHsb' substituted by `hsb' on input line 1368.
Package xcolor Info: Model `HSB' substituted by `hsb' on input line 1369.
Package xcolor Info: Model `Gray' substituted by `gray' on input line 1370.
Package xcolor Info: Model `wave' substituted by `hsb' on input line 1371.

("C:\Users\franc\AppData\Local\Programs\MiKTeX 2.9\tex/latex/graphics\dvipsnam.
def"
File: dvipsnam.def 2016/06/17 v3.0m Driver-dependent file (DPC,SPQR)
))
("C:\Users\franc\AppData\Local\Programs\MiKTeX 2.9\tex/latex/breakurl\breakurl.
sty"
Package: breakurl 2013/04/10 v1.40 Breakable hyperref URLs

("C:\Users\franc\AppData\Local\Programs\MiKTeX 2.9\tex/latex/xkeyval\xkeyval.st
y"
Package: xkeyval 2014/12/03 v2.7a package option processing (HA)

("C:\Users\franc\AppData\Local\Programs\MiKTeX 2.9\tex/generic/xkeyval\xkeyval.
tex"
("C:\Users\franc\AppData\Local\Programs\MiKTeX 2.9\tex/generic/xkeyval\xkvutils
.tex"
\XKV@toks=\toks32
\XKV@tempa@toks=\toks33
)
\XKV@depth=\count151
File: xkeyval.tex 2014/12/03 v2.7a key=value parser (HA)
))

Package breakurl Warning: You are using breakurl while processing via pdflatex.

(breakurl)                \burl will be just a synonym of \url.
(breakurl)                 on input line 48.

)
Package hyperref Info: Option `colorlinks' set `false' on input line 28.
 ("C:\Users\franc\AppData\Local\Programs\MiKTeX 2.9\tex/latex/natbib\natbib.sty
"
Package: natbib 2010/09/13 8.31b (PWD, AO)
\bibhang=\skip76
\bibsep=\skip77
LaTeX Info: Redefining \cite on input line 694.
\c@NAT@ctr=\count152
)
("C:\Users\franc\AppData\Local\Programs\MiKTeX 2.9\tex/generic/babel\babel.sty"
Package: babel 2018/11/13 3.27 The Babel package
("C:\Users\franc\AppData\Local\Programs\MiKTeX 2.9\tex/generic/babel\switch.def
"
File: switch.def 2018/11/13 3.27 Babel switching mechanism
)
*************************************
* Local config file bblopts.cfg used
*
("C:\Users\franc\AppData\Local\Programs\MiKTeX 2.9\tex/latex/arabi\bblopts.cfg"
File: bblopts.cfg 2005/09/08 v0.1 add Arabic and Farsi to "declared" options of
 babel
)
("C:\Users\franc\AppData\Local\Programs\MiKTeX 2.9\tex/latex/babel-italian\ital
ian.ldf"
Language: italian 2019/01/05 v.1.4.01 Italian support for the babel system

("C:\Users\franc\AppData\Local\Programs\MiKTeX 2.9\tex/generic/babel\babel.def"
File: babel.def 2018/11/13 3.27 Babel common definitions
\babel@savecnt=\count153
\U@D=\dimen161

("C:\Users\franc\AppData\Local\Programs\MiKTeX 2.9\tex/generic/babel\txtbabel.d
ef")
\bbl@dirlevel=\count154
)
\it@lettering=\count155
\it@doublequoteactive=\count156
\it@ISOcompliance=\count157
)
("C:\Users\franc\AppData\Local\Programs\MiKTeX 2.9\tex/latex/babel-english\engl
ish.ldf"
Language: english 2017/06/06 v3.3r English support from the babel system
\l@canadian = a dialect from \language\l@american 
\l@australian = a dialect from \language\l@british 
\l@newzealand = a dialect from \language\l@british 
))
("C:\Users\franc\AppData\Local\Programs\MiKTeX 2.9\tex/latex/etoolbox\etoolbox.
sty"
Package: etoolbox 2018/08/19 v2.5f e-TeX tools for LaTeX (JAW)
\etb@tempcnta=\count158
)
("C:\Users\franc\AppData\Local\Programs\MiKTeX 2.9\tex/latex/bigints\bigints.st
y"
Package: bigints 2010/02/15 Writing big integrals
Package bigints Info: This is Bigints by Merciadri Luca. on input line 5.
)
("C:\Users\franc\AppData\Local\Programs\MiKTeX 2.9\tex/latex/csquotes\csquotes.
sty"
Package: csquotes 2018/04/13 v5.2d context-sensitive quotations (JAW)
\csq@reset=\count159
\csq@gtype=\count160
\csq@glevel=\count161
\csq@qlevel=\count162
\csq@maxlvl=\count163
\csq@tshold=\count164
\csq@ltx@everypar=\toks34

("C:\Users\franc\AppData\Local\Programs\MiKTeX 2.9\tex/latex/csquotes\csquotes.
def"
File: csquotes.def 2018/04/13 v5.2d csquotes generic definitions (JAW)
)
Package csquotes Info: Trying to load configuration file 'csquotes.cfg'...
Package csquotes Info: ... configuration file loaded successfully.

("C:\Users\franc\AppData\Local\Programs\MiKTeX 2.9\tex/latex/csquotes\csquotes.
cfg"
File: csquotes.cfg 
)
Package csquotes Info: Enabling multilingual quotes.
)
("C:\Users\franc\AppData\Local\Programs\MiKTeX 2.9\tex/latex/psfrag\psfrag.sty"
Package: psfrag 1998/04/11 v3.04 PSfrag (MCG)
\pfg@pcount=\count165
\pfg@scount=\count166
\pfg@temp=\write3
)
("C:\Users\franc\AppData\Local\Programs\MiKTeX 2.9\tex/latex/pgf/frontendlayer\
tikz.sty"
("C:\Users\franc\AppData\Local\Programs\MiKTeX 2.9\tex/latex/pgf/basiclayer\pgf
.sty"
("C:\Users\franc\AppData\Local\Programs\MiKTeX 2.9\tex/latex/pgf/utilities\pgfr
cs.sty"
("C:\Users\franc\AppData\Local\Programs\MiKTeX 2.9\tex/generic/pgf/utilities\pg
futil-common.tex"
\pgfutil@everybye=\toks35
\pgfutil@tempdima=\dimen162
\pgfutil@tempdimb=\dimen163

("C:\Users\franc\AppData\Local\Programs\MiKTeX 2.9\tex/generic/pgf/utilities\pg
futil-common-lists.tex"))
("C:\Users\franc\AppData\Local\Programs\MiKTeX 2.9\tex/generic/pgf/utilities\pg
futil-latex.def"
\pgfutil@abb=\box62

("C:\Users\franc\AppData\Local\Programs\MiKTeX 2.9\tex/latex/ms\everyshi.sty"
Package: everyshi 2001/05/15 v3.00 EveryShipout Package (MS)
))
("C:\Users\franc\AppData\Local\Programs\MiKTeX 2.9\tex/generic/pgf/utilities\pg
frcs.code.tex"
("C:\Users\franc\AppData\Local\Programs\MiKTeX 2.9\tex/generic/pgf\pgf.revision
.tex")
Package: pgfrcs 2019/02/02 v3.1.1 (3.1.1)
))
Package: pgf 2019/02/02 v3.1.1 (3.1.1)

("C:\Users\franc\AppData\Local\Programs\MiKTeX 2.9\tex/latex/pgf/basiclayer\pgf
core.sty"
("C:\Users\franc\AppData\Local\Programs\MiKTeX 2.9\tex/latex/pgf/systemlayer\pg
fsys.sty"
("C:\Users\franc\AppData\Local\Programs\MiKTeX 2.9\tex/generic/pgf/systemlayer\
pgfsys.code.tex"
Package: pgfsys 2019/02/02 v3.1.1 (3.1.1)

("C:\Users\franc\AppData\Local\Programs\MiKTeX 2.9\tex/generic/pgf/utilities\pg
fkeys.code.tex"
\pgfkeys@pathtoks=\toks36
\pgfkeys@temptoks=\toks37

("C:\Users\franc\AppData\Local\Programs\MiKTeX 2.9\tex/generic/pgf/utilities\pg
fkeysfiltered.code.tex"
\pgfkeys@tmptoks=\toks38
))
\pgf@x=\dimen164
\pgf@y=\dimen165
\pgf@xa=\dimen166
\pgf@ya=\dimen167
\pgf@xb=\dimen168
\pgf@yb=\dimen169
\pgf@xc=\dimen170
\pgf@yc=\dimen171
\w@pgf@writea=\write4
\r@pgf@reada=\read2
\c@pgf@counta=\count167
\c@pgf@countb=\count168
\c@pgf@countc=\count169
\c@pgf@countd=\count170
\t@pgf@toka=\toks39
\t@pgf@tokb=\toks40
\t@pgf@tokc=\toks41
\pgf@sys@id@count=\count171

("C:\Users\franc\AppData\Local\Programs\MiKTeX 2.9\tex/generic/pgf/systemlayer\
pgf.cfg"
File: pgf.cfg 2019/02/02 v3.1.1 (3.1.1)
)
Driver file for pgf: pgfsys-pdftex.def

("C:\Users\franc\AppData\Local\Programs\MiKTeX 2.9\tex/generic/pgf/systemlayer\
pgfsys-pdftex.def"
File: pgfsys-pdftex.def 2019/02/02 v3.1.1 (3.1.1)

("C:\Users\franc\AppData\Local\Programs\MiKTeX 2.9\tex/generic/pgf/systemlayer\
pgfsys-common-pdf.def"
File: pgfsys-common-pdf.def 2019/02/02 v3.1.1 (3.1.1)
)))
("C:\Users\franc\AppData\Local\Programs\MiKTeX 2.9\tex/generic/pgf/systemlayer\
pgfsyssoftpath.code.tex"
File: pgfsyssoftpath.code.tex 2019/02/02 v3.1.1 (3.1.1)
\pgfsyssoftpath@smallbuffer@items=\count172
\pgfsyssoftpath@bigbuffer@items=\count173
)
("C:\Users\franc\AppData\Local\Programs\MiKTeX 2.9\tex/generic/pgf/systemlayer\
pgfsysprotocol.code.tex"
File: pgfsysprotocol.code.tex 2019/02/02 v3.1.1 (3.1.1)
))
("C:\Users\franc\AppData\Local\Programs\MiKTeX 2.9\tex/generic/pgf/basiclayer\p
gfcore.code.tex"
Package: pgfcore 2019/02/02 v3.1.1 (3.1.1)

("C:\Users\franc\AppData\Local\Programs\MiKTeX 2.9\tex/generic/pgf/math\pgfmath
.code.tex"
("C:\Users\franc\AppData\Local\Programs\MiKTeX 2.9\tex/generic/pgf/math\pgfmath
calc.code.tex"
("C:\Users\franc\AppData\Local\Programs\MiKTeX 2.9\tex/generic/pgf/math\pgfmath
util.code.tex")
("C:\Users\franc\AppData\Local\Programs\MiKTeX 2.9\tex/generic/pgf/math\pgfmath
parser.code.tex"
\pgfmath@dimen=\dimen172
\pgfmath@count=\count174
\pgfmath@box=\box63
\pgfmath@toks=\toks42
\pgfmath@stack@operand=\toks43
\pgfmath@stack@operation=\toks44
)
("C:\Users\franc\AppData\Local\Programs\MiKTeX 2.9\tex/generic/pgf/math\pgfmath
functions.code.tex"
("C:\Users\franc\AppData\Local\Programs\MiKTeX 2.9\tex/generic/pgf/math\pgfmath
functions.basic.code.tex")
("C:\Users\franc\AppData\Local\Programs\MiKTeX 2.9\tex/generic/pgf/math\pgfmath
functions.trigonometric.code.tex")
("C:\Users\franc\AppData\Local\Programs\MiKTeX 2.9\tex/generic/pgf/math\pgfmath
functions.random.code.tex")
("C:\Users\franc\AppData\Local\Programs\MiKTeX 2.9\tex/generic/pgf/math\pgfmath
functions.comparison.code.tex")
("C:\Users\franc\AppData\Local\Programs\MiKTeX 2.9\tex/generic/pgf/math\pgfmath
functions.base.code.tex")
("C:\Users\franc\AppData\Local\Programs\MiKTeX 2.9\tex/generic/pgf/math\pgfmath
functions.round.code.tex")
("C:\Users\franc\AppData\Local\Programs\MiKTeX 2.9\tex/generic/pgf/math\pgfmath
functions.misc.code.tex")
("C:\Users\franc\AppData\Local\Programs\MiKTeX 2.9\tex/generic/pgf/math\pgfmath
functions.integerarithmetics.code.tex")))
("C:\Users\franc\AppData\Local\Programs\MiKTeX 2.9\tex/generic/pgf/math\pgfmath
float.code.tex"
\c@pgfmathroundto@lastzeros=\count175
))
("C:\Users\franc\AppData\Local\Programs\MiKTeX 2.9\tex/generic/pgf/basiclayer\p
gfcorepoints.code.tex"
File: pgfcorepoints.code.tex 2019/02/02 v3.1.1 (3.1.1)
\pgf@picminx=\dimen173
\pgf@picmaxx=\dimen174
\pgf@picminy=\dimen175
\pgf@picmaxy=\dimen176
\pgf@pathminx=\dimen177
\pgf@pathmaxx=\dimen178
\pgf@pathminy=\dimen179
\pgf@pathmaxy=\dimen180
\pgf@xx=\dimen181
\pgf@xy=\dimen182
\pgf@yx=\dimen183
\pgf@yy=\dimen184
\pgf@zx=\dimen185
\pgf@zy=\dimen186
)
("C:\Users\franc\AppData\Local\Programs\MiKTeX 2.9\tex/generic/pgf/basiclayer\p
gfcorepathconstruct.code.tex"
File: pgfcorepathconstruct.code.tex 2019/02/02 v3.1.1 (3.1.1)
\pgf@path@lastx=\dimen187
\pgf@path@lasty=\dimen188
)
("C:\Users\franc\AppData\Local\Programs\MiKTeX 2.9\tex/generic/pgf/basiclayer\p
gfcorepathusage.code.tex"
File: pgfcorepathusage.code.tex 2019/02/02 v3.1.1 (3.1.1)
\pgf@shorten@end@additional=\dimen189
\pgf@shorten@start@additional=\dimen190
)
("C:\Users\franc\AppData\Local\Programs\MiKTeX 2.9\tex/generic/pgf/basiclayer\p
gfcorescopes.code.tex"
File: pgfcorescopes.code.tex 2019/02/02 v3.1.1 (3.1.1)
\pgfpic=\box64
\pgf@hbox=\box65
\pgf@layerbox@main=\box66
\pgf@picture@serial@count=\count176
)
("C:\Users\franc\AppData\Local\Programs\MiKTeX 2.9\tex/generic/pgf/basiclayer\p
gfcoregraphicstate.code.tex"
File: pgfcoregraphicstate.code.tex 2019/02/02 v3.1.1 (3.1.1)
\pgflinewidth=\dimen191
)
("C:\Users\franc\AppData\Local\Programs\MiKTeX 2.9\tex/generic/pgf/basiclayer\p
gfcoretransformations.code.tex"
File: pgfcoretransformations.code.tex 2019/02/02 v3.1.1 (3.1.1)
\pgf@pt@x=\dimen192
\pgf@pt@y=\dimen193
\pgf@pt@temp=\dimen194
)
("C:\Users\franc\AppData\Local\Programs\MiKTeX 2.9\tex/generic/pgf/basiclayer\p
gfcorequick.code.tex"
File: pgfcorequick.code.tex 2019/02/02 v3.1.1 (3.1.1)
)
("C:\Users\franc\AppData\Local\Programs\MiKTeX 2.9\tex/generic/pgf/basiclayer\p
gfcoreobjects.code.tex"
File: pgfcoreobjects.code.tex 2019/02/02 v3.1.1 (3.1.1)
)
("C:\Users\franc\AppData\Local\Programs\MiKTeX 2.9\tex/generic/pgf/basiclayer\p
gfcorepathprocessing.code.tex"
File: pgfcorepathprocessing.code.tex 2019/02/02 v3.1.1 (3.1.1)
)
("C:\Users\franc\AppData\Local\Programs\MiKTeX 2.9\tex/generic/pgf/basiclayer\p
gfcorearrows.code.tex"
File: pgfcorearrows.code.tex 2019/02/02 v3.1.1 (3.1.1)
\pgfarrowsep=\dimen195
)
("C:\Users\franc\AppData\Local\Programs\MiKTeX 2.9\tex/generic/pgf/basiclayer\p
gfcoreshade.code.tex"
File: pgfcoreshade.code.tex 2019/02/02 v3.1.1 (3.1.1)
\pgf@max=\dimen196
\pgf@sys@shading@range@num=\count177
)
("C:\Users\franc\AppData\Local\Programs\MiKTeX 2.9\tex/generic/pgf/basiclayer\p
gfcoreimage.code.tex"
File: pgfcoreimage.code.tex 2019/02/02 v3.1.1 (3.1.1)

("C:\Users\franc\AppData\Local\Programs\MiKTeX 2.9\tex/generic/pgf/basiclayer\p
gfcoreexternal.code.tex"
File: pgfcoreexternal.code.tex 2019/02/02 v3.1.1 (3.1.1)
\pgfexternal@startupbox=\box67
))
("C:\Users\franc\AppData\Local\Programs\MiKTeX 2.9\tex/generic/pgf/basiclayer\p
gfcorelayers.code.tex"
File: pgfcorelayers.code.tex 2019/02/02 v3.1.1 (3.1.1)
)
("C:\Users\franc\AppData\Local\Programs\MiKTeX 2.9\tex/generic/pgf/basiclayer\p
gfcoretransparency.code.tex"
File: pgfcoretransparency.code.tex 2019/02/02 v3.1.1 (3.1.1)
)
("C:\Users\franc\AppData\Local\Programs\MiKTeX 2.9\tex/generic/pgf/basiclayer\p
gfcorepatterns.code.tex"
File: pgfcorepatterns.code.tex 2019/02/02 v3.1.1 (3.1.1)
)
("C:\Users\franc\AppData\Local\Programs\MiKTeX 2.9\tex/generic/pgf/basiclayer\p
gfcorerdf.code.tex"
File: pgfcorerdf.code.tex 2019/02/02 v3.1.1 (3.1.1)
)))
("C:\Users\franc\AppData\Local\Programs\MiKTeX 2.9\tex/generic/pgf/modules\pgfm
oduleshapes.code.tex"
File: pgfmoduleshapes.code.tex 2019/02/02 v3.1.1 (3.1.1)
\pgfnodeparttextbox=\box68
)
("C:\Users\franc\AppData\Local\Programs\MiKTeX 2.9\tex/generic/pgf/modules\pgfm
oduleplot.code.tex"
File: pgfmoduleplot.code.tex 2019/02/02 v3.1.1 (3.1.1)
)
("C:\Users\franc\AppData\Local\Programs\MiKTeX 2.9\tex/latex/pgf/compatibility\
pgfcomp-version-0-65.sty"
Package: pgfcomp-version-0-65 2019/02/02 v3.1.1 (3.1.1)
\pgf@nodesepstart=\dimen197
\pgf@nodesepend=\dimen198
)
("C:\Users\franc\AppData\Local\Programs\MiKTeX 2.9\tex/latex/pgf/compatibility\
pgfcomp-version-1-18.sty"
Package: pgfcomp-version-1-18 2019/02/02 v3.1.1 (3.1.1)
))
("C:\Users\franc\AppData\Local\Programs\MiKTeX 2.9\tex/latex/pgf/utilities\pgff
or.sty"
("C:\Users\franc\AppData\Local\Programs\MiKTeX 2.9\tex/latex/pgf/utilities\pgfk
eys.sty"
("C:\Users\franc\AppData\Local\Programs\MiKTeX 2.9\tex/generic/pgf/utilities\pg
fkeys.code.tex"))
("C:\Users\franc\AppData\Local\Programs\MiKTeX 2.9\tex/latex/pgf/math\pgfmath.s
ty"
("C:\Users\franc\AppData\Local\Programs\MiKTeX 2.9\tex/generic/pgf/math\pgfmath
.code.tex"))
("C:\Users\franc\AppData\Local\Programs\MiKTeX 2.9\tex/generic/pgf/utilities\pg
ffor.code.tex"
Package: pgffor 2019/02/02 v3.1.1 (3.1.1)

("C:\Users\franc\AppData\Local\Programs\MiKTeX 2.9\tex/generic/pgf/math\pgfmath
.code.tex")
\pgffor@iter=\dimen199
\pgffor@skip=\dimen256
\pgffor@stack=\toks45
\pgffor@toks=\toks46
))
("C:\Users\franc\AppData\Local\Programs\MiKTeX 2.9\tex/generic/pgf/frontendlaye
r/tikz\tikz.code.tex"
Package: tikz 2019/02/02 v3.1.1 (3.1.1)

("C:\Users\franc\AppData\Local\Programs\MiKTeX 2.9\tex/generic/pgf/libraries\pg
flibraryplothandlers.code.tex"
File: pgflibraryplothandlers.code.tex 2019/02/02 v3.1.1 (3.1.1)
\pgf@plot@mark@count=\count178
\pgfplotmarksize=\dimen257
)
\tikz@lastx=\dimen258
\tikz@lasty=\dimen259
\tikz@lastxsaved=\dimen260
\tikz@lastysaved=\dimen261
\tikzleveldistance=\dimen262
\tikzsiblingdistance=\dimen263
\tikz@figbox=\box69
\tikz@figbox@bg=\box70
\tikz@tempbox=\box71
\tikz@tempbox@bg=\box72
\tikztreelevel=\count179
\tikznumberofchildren=\count180
\tikznumberofcurrentchild=\count181
\tikz@fig@count=\count182

("C:\Users\franc\AppData\Local\Programs\MiKTeX 2.9\tex/generic/pgf/modules\pgfm
odulematrix.code.tex"
File: pgfmodulematrix.code.tex 2019/02/02 v3.1.1 (3.1.1)
\pgfmatrixcurrentrow=\count183
\pgfmatrixcurrentcolumn=\count184
\pgf@matrix@numberofcolumns=\count185
)
\tikz@expandcount=\count186

("C:\Users\franc\AppData\Local\Programs\MiKTeX 2.9\tex/generic/pgf/frontendlaye
r/tikz/libraries\tikzlibrarytopaths.code.tex"
File: tikzlibrarytopaths.code.tex 2019/02/02 v3.1.1 (3.1.1)
)))
("C:\Users\franc\AppData\Local\Programs\MiKTeX 2.9\tex/generic/pgf/frontendlaye
r/tikz/libraries\tikzlibraryfit.code.tex"
File: tikzlibraryfit.code.tex 2019/02/02 v3.1.1 (3.1.1)
)
("C:\Users\franc\AppData\Local\Programs\MiKTeX 2.9\tex/generic/pgf/frontendlaye
r/tikz/libraries\tikzlibrarypositioning.code.tex"
File: tikzlibrarypositioning.code.tex 2019/02/02 v3.1.1 (3.1.1)
)
("C:\Users\franc\AppData\Local\Programs\MiKTeX 2.9\tex/generic/pgf/frontendlaye
r/tikz/libraries\tikzlibrarycalc.code.tex"
File: tikzlibrarycalc.code.tex 2019/02/02 v3.1.1 (3.1.1)
)
("C:\Users\franc\AppData\Local\Programs\MiKTeX 2.9\tex/latex/colortbl\colortbl.
sty"
Package: colortbl 2018/12/12 v1.0d Color table columns (DPC)

("C:\Users\franc\AppData\Local\Programs\MiKTeX 2.9\tex/latex/tools\array.sty"
Package: array 2018/11/13 v2.4j Tabular extension package (FMi)
\col@sep=\dimen264
\ar@mcellbox=\box73
\extrarowheight=\dimen265
\NC@list=\toks47
\extratabsurround=\skip78
\backup@length=\skip79
\ar@cellbox=\box74
)
\everycr=\toks48
\minrowclearance=\skip80
)
("C:\Users\franc\AppData\Local\Programs\MiKTeX 2.9\tex/latex/dashrule\dashrule.
sty"
Package: dashrule 2013/03/28 v1.3 Dashed rules

("C:\Users\franc\AppData\Local\Programs\MiKTeX 2.9\tex/latex/ifmtarg\ifmtarg.st
y"
Package: ifmtarg 2018/04/16 v1.2b check for an empty argument
)
\c@hdr@segments=\count187
)
("C:\Users\franc\AppData\Local\Programs\MiKTeX 2.9\tex/latex/multirow\multirow.
sty"
Package: multirow 2019/01/01 v2.4 Span multiple rows of a table
\multirow@colwidth=\skip81
\multirow@cntb=\count188
\multirow@dima=\skip82
\bigstrutjot=\dimen266
)
("C:\Users\franc\AppData\Local\Programs\MiKTeX 2.9\tex/latex/pdfpages\pdfpages.
sty"
Package: pdfpages 2017/10/31 v0.5l Insert pages of external PDF documents (AM)

("C:\Users\franc\AppData\Local\Programs\MiKTeX 2.9\tex/latex/eso-pic\eso-pic.st
y"
Package: eso-pic 2018/04/12 v2.0h eso-pic (RN)
)
\AM@pagewidth=\dimen267
\AM@pageheight=\dimen268

("C:\Users\franc\AppData\Local\Programs\MiKTeX 2.9\tex/latex/pdfpages\pppdftex.
def"
File: pppdftex.def 2017/10/31 v0.5l Pdfpages driver for pdfTeX (AM)
)
\AM@pagebox=\box75
\AM@global@opts=\toks49
\AM@toc@title=\toks50
\c@AM@survey=\count189
\AM@templatesizebox=\box76
)
("C:\Users\franc\AppData\Local\Programs\MiKTeX 2.9\tex/latex/tools\indentfirst.
sty"
Package: indentfirst 1995/11/23 v1.03 Indent first paragraph (DPC)
)
("C:\Users\franc\AppData\Local\Programs\MiKTeX 2.9\tex/latex/lipsum\lipsum.sty"
("C:\Users\franc\AppData\Local\Programs\MiKTeX 2.9\tex/latex/l3kernel\expl3.sty
"
Package: expl3 2019-03-05 L3 programming layer (loader) 

("C:\Users\franc\AppData\Local\Programs\MiKTeX 2.9\tex/latex/l3kernel\expl3-cod
e.tex"
Package: expl3 2019-03-05 L3 programming layer (code)
\c_max_int=\count190
\l_tmpa_int=\count191
\l_tmpb_int=\count192
\g_tmpa_int=\count193
\g_tmpb_int=\count194
\g__kernel_prg_map_int=\count195
\c_log_iow=\count196
\l_iow_line_count_int=\count197
\l__iow_line_target_int=\count198
\l__iow_one_indent_int=\count199
\l__iow_indent_int=\count266
\c_zero_dim=\dimen269
\c_max_dim=\dimen270
\l_tmpa_dim=\dimen271
\l_tmpb_dim=\dimen272
\g_tmpa_dim=\dimen273
\g_tmpb_dim=\dimen274
\c_zero_skip=\skip83
\c_max_skip=\skip84
\l_tmpa_skip=\skip85
\l_tmpb_skip=\skip86
\g_tmpa_skip=\skip87
\g_tmpb_skip=\skip88
\c_zero_muskip=\muskip12
\c_max_muskip=\muskip13
\l_tmpa_muskip=\muskip14
\l_tmpb_muskip=\muskip15
\g_tmpa_muskip=\muskip16
\g_tmpb_muskip=\muskip17
\l_keys_choice_int=\count267
\l__intarray_loop_int=\count268
\c__intarray_sp_dim=\dimen275
\g__intarray_font_int=\count269
\c__fp_leading_shift_int=\count270
\c__fp_middle_shift_int=\count271
\c__fp_trailing_shift_int=\count272
\c__fp_big_leading_shift_int=\count273
\c__fp_big_middle_shift_int=\count274
\c__fp_big_trailing_shift_int=\count275
\c__fp_Bigg_leading_shift_int=\count276
\c__fp_Bigg_middle_shift_int=\count277
\c__fp_Bigg_trailing_shift_int=\count278
\c__kernel_randint_max_int=\count279
\g__fp_array_int=\count280
\l__fp_array_loop_int=\count281
\l__sort_length_int=\count282
\l__sort_min_int=\count283
\l__sort_top_int=\count284
\l__sort_max_int=\count285
\l__sort_true_max_int=\count286
\l__sort_block_int=\count287
\l__sort_begin_int=\count288
\l__sort_end_int=\count289
\l__sort_A_int=\count290
\l__sort_B_int=\count291
\l__sort_C_int=\count292
\l__tl_analysis_normal_int=\count293
\l__tl_analysis_index_int=\count294
\l__tl_analysis_nesting_int=\count295
\l__tl_analysis_type_int=\count296
\l__regex_internal_a_int=\count297
\l__regex_internal_b_int=\count298
\l__regex_internal_c_int=\count299
\l__regex_balance_int=\count300
\l__regex_group_level_int=\count301
\l__regex_mode_int=\count302
\c__regex_cs_in_class_mode_int=\count303
\c__regex_cs_mode_int=\count304
\l__regex_catcodes_int=\count305
\l__regex_default_catcodes_int=\count306
\c__regex_catcode_D_int=\count307
\c__regex_catcode_S_int=\count308
\c__regex_catcode_L_int=\count309
\c__regex_catcode_O_int=\count310
\c__regex_catcode_A_int=\count311
\c__regex_all_catcodes_int=\count312
\l__regex_show_lines_int=\count313
\l__regex_min_state_int=\count314
\l__regex_max_state_int=\count315
\l__regex_left_state_int=\count316
\l__regex_right_state_int=\count317
\l__regex_capturing_group_int=\count318
\l__regex_min_pos_int=\count319
\l__regex_max_pos_int=\count320
\l__regex_curr_pos_int=\count321
\l__regex_start_pos_int=\count322
\l__regex_success_pos_int=\count323
\l__regex_curr_char_int=\count324
\l__regex_curr_catcode_int=\count325
\l__regex_last_char_int=\count326
\l__regex_case_changed_char_int=\count327
\l__regex_curr_state_int=\count328
\l__regex_step_int=\count329
\l__regex_min_active_int=\count330
\l__regex_max_active_int=\count331
\l__regex_replacement_csnames_int=\count332
\l__regex_match_count_int=\count333
\l__regex_min_submatch_int=\count334
\l__regex_submatch_int=\count335
\l__regex_zeroth_submatch_int=\count336
\g__regex_trace_regex_int=\count337
\c_empty_box=\box77
\l_tmpa_box=\box78
\l_tmpb_box=\box79
\g_tmpa_box=\box80
\g_tmpb_box=\box81
\l__box_top_dim=\dimen276
\l__box_bottom_dim=\dimen277
\l__box_left_dim=\dimen278
\l__box_right_dim=\dimen279
\l__box_top_new_dim=\dimen280
\l__box_bottom_new_dim=\dimen281
\l__box_left_new_dim=\dimen282
\l__box_right_new_dim=\dimen283
\l__box_internal_box=\box82
\l__coffin_internal_box=\box83
\l__coffin_internal_dim=\dimen284
\l__coffin_offset_x_dim=\dimen285
\l__coffin_offset_y_dim=\dimen286
\l__coffin_x_dim=\dimen287
\l__coffin_y_dim=\dimen288
\l__coffin_x_prime_dim=\dimen289
\l__coffin_y_prime_dim=\dimen290
\c_empty_coffin=\box84
\l__coffin_aligned_coffin=\box85
\l__coffin_aligned_internal_coffin=\box86
\l_tmpa_coffin=\box87
\l_tmpb_coffin=\box88
\g_tmpa_coffin=\box89
\g_tmpb_coffin=\box90
\l__coffin_bounding_shift_dim=\dimen291
\l__coffin_left_corner_dim=\dimen292
\l__coffin_right_corner_dim=\dimen293
\l__coffin_bottom_corner_dim=\dimen294
\l__coffin_top_corner_dim=\dimen295
\l__coffin_scaled_total_height_dim=\dimen296
\l__coffin_scaled_width_dim=\dimen297
\c__coffin_empty_coffin=\box91
\l__coffin_display_coffin=\box92
\l__coffin_display_coord_coffin=\box93
\l__coffin_display_pole_coffin=\box94
\l__coffin_display_offset_dim=\dimen298
\l__coffin_display_x_dim=\dimen299
\l__coffin_display_y_dim=\dimen300
\g__file_internal_ior=\read3
\l__seq_internal_a_int=\count338
\l__seq_internal_b_int=\count339
\c__deprecation_minus_one=\count340
)
("C:\Users\franc\AppData\Local\Programs\MiKTeX 2.9\tex/latex/l3kernel\l3pdfmode
.def"
File: l3pdfmode.def 2019-03-05 v L3 Experimental driver: PDF mode
\l__driver_color_stack_int=\count341
))
("C:\Users\franc\AppData\Local\Programs\MiKTeX 2.9\tex/latex/l3packages/xparse\
xparse.sty"
Package: xparse 2019-03-05 L3 Experimental document command parser
\l__xparse_current_arg_int=\count342
\g__xparse_grabber_int=\count343
\l__xparse_m_args_int=\count344
\l__xparse_v_nesting_int=\count345
)
Package: lipsum 2019/01/02 v2.2 150 paragraphs of Lorem Ipsum dummy text

("C:\Users\franc\AppData\Local\Programs\MiKTeX 2.9\tex/latex/lipsum\lipsum.ltd.
tex"
File: lipsum.ltd.tex 2019/01/02 v2.2 The Lorem ipsum dummy text
))
("C:\Users\franc\AppData\Local\Programs\MiKTeX 2.9\tex/latex/algorithms\algorit
hm.sty"
Package: algorithm 2009/08/24 v0.1 Document Style `algorithm' - floating enviro
nment

("C:\Users\franc\AppData\Local\Programs\MiKTeX 2.9\tex/latex/float\float.sty"
Package: float 2001/11/08 v1.3d Float enhancements (AL)
\c@float@type=\count346
\float@exts=\toks51
\float@box=\box95
\@float@everytoks=\toks52
\@floatcapt=\box96
)
\@float@every@algorithm=\toks53
\c@algorithm=\count347
)
("C:\Users\franc\AppData\Local\Programs\MiKTeX 2.9\tex/latex/algorithms\algorit
hmic.sty"
Package: algorithmic 2009/08/24 v0.1 Document Style `algorithmic'
\c@ALC@unique=\count348
\c@ALC@line=\count349
\c@ALC@rem=\count350
\c@ALC@depth=\count351
\ALC@tlm=\skip89
\algorithmicindent=\skip90
)
("C:\Users\franc\AppData\Local\Programs\MiKTeX 2.9\tex/latex/appendix\appendix.
sty"
Package: appendix 2009/09/02 v1.2b extra appendix facilities
\c@@pps=\count352
\c@@ppsavesec=\count353
\c@@ppsaveapp=\count354
)
\@indexfile=\write5
\openout5 = `Thesis.idx'.


Writing index file Thesis.idx
Package csquotes Info: Checking for multilingual support...
Package csquotes Info: ... found 'babel' package.

LaTeX Warning: Unused global option(s):
    [14pt,twosided].

(Thesis.aux)
\openout1 = `Thesis.aux'.

LaTeX Font Info:    Checking defaults for OML/cmm/m/it on input line 122.
LaTeX Font Info:    ... okay on input line 122.
LaTeX Font Info:    Checking defaults for T1/cmr/m/n on input line 122.
LaTeX Font Info:    ... okay on input line 122.
LaTeX Font Info:    Checking defaults for OT1/cmr/m/n on input line 122.
LaTeX Font Info:    ... okay on input line 122.
LaTeX Font Info:    Checking defaults for OMS/cmsy/m/n on input line 122.
LaTeX Font Info:    ... okay on input line 122.
LaTeX Font Info:    Checking defaults for OMX/cmex/m/n on input line 122.
LaTeX Font Info:    ... okay on input line 122.
LaTeX Font Info:    Checking defaults for U/cmr/m/n on input line 122.
LaTeX Font Info:    ... okay on input line 122.
LaTeX Font Info:    Checking defaults for PD1/pdf/m/n on input line 122.
LaTeX Font Info:    ... okay on input line 122.
LaTeX Font Info:    Checking defaults for PU/pdf/m/n on input line 122.
LaTeX Font Info:    ... okay on input line 122.
Package caption Info: Begin \AtBeginDocument code.
Package caption Info: float package is loaded.
Package caption Info: hyperref package is loaded.
Package caption Info: listings package is loaded.
Package caption Info: longtable package is loaded.

("C:\Users\franc\AppData\Local\Programs\MiKTeX 2.9\tex/latex/caption\ltcaption.
sty"
Package: ltcaption 2018/08/26 v1.4-95 longtable captions (AR)
)
Package caption Info: rotating package is loaded.
Package caption Info: subfigure package is loaded.
Package caption Info: End \AtBeginDocument code.

("C:\Users\franc\AppData\Local\Programs\MiKTeX 2.9\tex/context/base/mkii\supp-p
df.mkii"
[Loading MPS to PDF converter (version 2006.09.02).]
\scratchcounter=\count355
\scratchdimen=\dimen301
\scratchbox=\box97
\nofMPsegments=\count356
\nofMParguments=\count357
\everyMPshowfont=\toks54
\MPscratchCnt=\count358
\MPscratchDim=\dimen302
\MPnumerator=\count359
\makeMPintoPDFobject=\count360
\everyMPtoPDFconversion=\toks55
)
\c@lstlisting=\count361
\AtBeginShipoutBox=\box98
Package hyperref Info: Link coloring OFF on input line 122.

("C:\Users\franc\AppData\Local\Programs\MiKTeX 2.9\tex/latex/hyperref\nameref.s
ty"
Package: nameref 2016/05/21 v2.44 Cross-referencing by name of section

("C:\Users\franc\AppData\Local\Programs\MiKTeX 2.9\tex/generic/oberdiek\gettitl
estring.sty"
Package: gettitlestring 2016/05/16 v1.5 Cleanup title references (HO)
)
\c@section@level=\count362
)
LaTeX Info: Redefining \ref on input line 122.
LaTeX Info: Redefining \pageref on input line 122.
LaTeX Info: Redefining \nameref on input line 122.
 (Thesis.out) (Thesis.out)
\@outlinefile=\write6
\openout6 = `Thesis.out'.

LaTeX Info: Redefining \it@ocap on input line 122.
LaTeX Info: Redefining \it@ccap on input line 122.


File italian.ldf warning: 
italian.ldf    With OT1 encoding guillemets are poorly faked
italian.ldf    Use T1 encoding
italian.ldf    or specify a font with command \CaporaliFrom
italian.ldf    See the documentation concerning the babel-italian typesetting 
italian.ldf    on input line 122.

ABD: EveryShipout initializing macros
("C:\Users\franc\AppData\Local\Programs\MiKTeX 2.9\tex/latex/oberdiek\pdflscape
.sty"
Package: pdflscape 2016/05/14 v0.11 Display of landscape pages in PDF (HO)

("C:\Users\franc\AppData\Local\Programs\MiKTeX 2.9\tex/latex/graphics\lscape.st
y"
Package: lscape 2000/10/22 v3.01 Landscape Pages (DPC)
)
Package pdflscape Info: Auto-detected driver: pdftex on input line 81.
)
Package epstopdf Info: Source file: <Figures/logo.eps>
(epstopdf)                    date: 2019-03-18 16:55:41
(epstopdf)                    size: 595947 bytes
(epstopdf)             Output file: <Figures/logo-eps-converted-to.pdf>
(epstopdf)                    date: 2019-03-18 17:04:09
(epstopdf)                    size: 52167 bytes
(epstopdf)             Command: <epstopdf --outfile=Figures/logo-eps-converted-
to.pdf Figures/logo.eps>
(epstopdf)             \includegraphics on input line 123.
Package epstopdf Info: Output file is already uptodate.


pdfTeX warning: pdflatex (file ./Figures/logo-eps-converted-to.pdf): PDF inclus
ion: found PDF version <1.7>, but at most version <1.5> allowed
<Figures/logo-eps-converted-to.pdf, id=122, 171.64125pt x 80.3pt>
File: Figures/logo-eps-converted-to.pdf Graphic file (type pdf)
<use Figures/logo-eps-converted-to.pdf>
Package pdftex.def Info: Figures/logo-eps-converted-to.pdf  used on input line 
123.
(pdftex.def)             Requested size: 171.64081pt x 80.29979pt.
[1
Non-PDF special ignored!
<special> header=psfrag.pro


{C:/Users/franc/AppData/Local/MiKTeX/2.9/pdftex/config/pdftex.map} <./Figures/l
ogo-eps-converted-to.pdf>] [2

]
------------------------------------------------------------------------------
 Table of Contents
------------------------------------------------------------------------------
(Thesis.toc
LaTeX Font Info:    Try loading font information for U+msa on input line 4.

("C:\Users\franc\AppData\Local\Programs\MiKTeX 2.9\tex/latex/amsfonts\umsa.fd"
File: umsa.fd 2013/01/14 v3.01 AMS symbols A
)
LaTeX Font Info:    Try loading font information for U+msb on input line 4.
("C:\Users\franc\AppData\Local\Programs\MiKTeX 2.9\tex/latex/amsfonts\umsb.fd"
File: umsb.fd 2013/01/14 v3.01 AMS symbols B
))
\tf@toc=\write7
\openout7 = `Thesis.toc'.

 [1


] [2] (Chapters/Chapter0.tex [1



]) (Chapters/Chapter1.tex [2]
Chapter 1.
------------------------------------------------------------------------------
 1  Models based on Maximum Likelihood Estimation 
------------------------------------------------------------------------------
[3

] [4]) (Chapters/Chapter2.tex [5] [6

]
Chapter 2.
------------------------------------------------------------------------------
 2 Models based on Quasi-Likelihood Estimation
------------------------------------------------------------------------------
<Figures/qq-clot.pdf, id=218, 361.35pt x 254.9525pt>
File: Figures/qq-clot.pdf Graphic file (type pdf)
<use Figures/qq-clot.pdf>
Package pdftex.def Info: Figures/qq-clot.pdf  used on input line 30.
(pdftex.def)             Requested size: 341.43306pt x 240.90024pt.

LaTeX Warning: `!h' float specifier changed to `!ht'.

) (Chapters/Chapter3.tex [7] [8 <./Figures/qq-clot.pdf>]
Chapter 3.
------------------------------------------------------------------------------
 3 Akaike's information Criterion
------------------------------------------------------------------------------
) [9

] [10

] (Appendices/AppendixA.tex
Appendix .
------------------------------------------------------------------------------
  
------------------------------------------------------------------------------
) [11

] [12


]
------------------------------------------------------------------------------
 Bibliography
------------------------------------------------------------------------------
(Thesis.bbl) [13

] [14]
Package atveryend Info: Empty hook `BeforeClearDocument' on input line 346.
Package atveryend Info: Empty hook `AfterLastShipout' on input line 346.
 (Thesis.aux)
Package atveryend Info: Executing hook `AtVeryEndDocument' on input line 346.
Package atveryend Info: Executing hook `AtEndAfterFileList' on input line 346.
Package rerunfilecheck Info: File `Thesis.out' has not changed.
(rerunfilecheck)             Checksum: 359CF834B639C9D3C9D35A5BAEAEE216;5093.
Package atveryend Info: Empty hook `AtVeryVeryEnd' on input line 346.
 ) 
Here is how much of TeX's memory you used:
 35986 strings out of 492946
 648665 string characters out of 3126266
 861175 words of memory out of 3000000
 39255 multiletter control sequences out of 15000+200000
 544470 words of font info for 70 fonts, out of 3000000 for 9000
 1141 hyphenation exceptions out of 8191
 55i,11n,77p,910b,458s stack positions out of 5000i,500n,10000p,200000b,50000s
<C:/Users/franc/AppData/Local/Programs/MiKTeX 2.9/fonts/type1/public/amsfonts
/cm/cmbx10.pfb><C:/Users/franc/AppData/Local/Programs/MiKTeX 2.9/fonts/type1/pu
blic/amsfonts/cm/cmbx12.pfb><C:/Users/franc/AppData/Local/Programs/MiKTeX 2.9/f
onts/type1/public/amsfonts/cm/cmcsc10.pfb><C:/Users/franc/AppData/Local/Program
s/MiKTeX 2.9/fonts/type1/public/amsfonts/cm/cmex10.pfb><C:/Users/franc/AppData/
Local/Programs/MiKTeX 2.9/fonts/type1/public/amsfonts/cm/cmmi10.pfb><C:/Users/f
ranc/AppData/Local/Programs/MiKTeX 2.9/fonts/type1/public/amsfonts/cm/cmmi12.pf
b><C:/Users/franc/AppData/Local/Programs/MiKTeX 2.9/fonts/type1/public/amsfonts
/cm/cmmi6.pfb><C:/Users/franc/AppData/Local/Programs/MiKTeX 2.9/fonts/type1/pub
lic/amsfonts/cm/cmmi7.pfb><C:/Users/franc/AppData/Local/Programs/MiKTeX 2.9/fon
ts/type1/public/amsfonts/cm/cmmi8.pfb><C:/Users/franc/AppData/Local/Programs/Mi
KTeX 2.9/fonts/type1/public/amsfonts/cm/cmr10.pfb><C:/Users/franc/AppData/Local
/Programs/MiKTeX 2.9/fonts/type1/public/amsfonts/cm/cmr12.pfb><C:/Users/franc/A
ppData/Local/Programs/MiKTeX 2.9/fonts/type1/public/amsfonts/cm/cmr17.pfb><C:/U
sers/franc/AppData/Local/Programs/MiKTeX 2.9/fonts/type1/public/amsfonts/cm/cmr
7.pfb><C:/Users/franc/AppData/Local/Programs/MiKTeX 2.9/fonts/type1/public/amsf
onts/cm/cmr8.pfb><C:/Users/franc/AppData/Local/Programs/MiKTeX 2.9/fonts/type1/
public/amsfonts/cm/cmsy10.pfb><C:/Users/franc/AppData/Local/Programs/MiKTeX 2.9
/fonts/type1/public/amsfonts/cm/cmsy7.pfb><C:/Users/franc/AppData/Local/Program
s/MiKTeX 2.9/fonts/type1/public/amsfonts/cm/cmti10.pfb><C:/Users/franc/AppData/
Local/Programs/MiKTeX 2.9/fonts/type1/public/amsfonts/cm/cmti12.pfb><C:/Users/f
ranc/AppData/Local/Programs/MiKTeX 2.9/fonts/type1/public/amsfonts/cm/cmtt12.pf
b><C:/Users/franc/AppData/Local/Programs/MiKTeX 2.9/fonts/type1/public/amsfonts
/symbols/msbm10.pfb>
Output written on Thesis.pdf (18 pages, 402074 bytes).
PDF statistics:
 358 PDF objects out of 1000 (max. 8388607)
 60 named destinations out of 1000 (max. 500000)
 255 words of extra memory for PDF output out of 10000 (max. 10000000)

