\BOOKMARK [0][-]{section*.3}{\376\377\000I\000n\000t\000r\000o\000d\000u\000c\000t\000i\000o\000n}{}% 1
\BOOKMARK [1][-]{chapter*.4}{\376\377\000O\000v\000e\000r\000v\000i\000e\000w}{section*.3}% 2
\BOOKMARK [1][-]{section*.6}{\376\377\000S\000u\000m\000m\000a\000r\000y}{section*.3}% 3
\BOOKMARK [0][-]{chapter.8}{\376\377\0001\000\040\000\040\000M\000o\000d\000e\000l\000s\000\040\000b\000a\000s\000e\000d\000\040\000o\000n\000\040\000M\000a\000x\000i\000m\000u\000m\000\040\000L\000i\000k\000e\000l\000i\000h\000o\000o\000d\000\040\000E\000s\000t\000i\000m\000a\000t\000i\000o\000n\000\040}{}% 4
\BOOKMARK [1][-]{section.9}{\376\377\0001\000.\0001\000\040\000I\000n\000t\000r\000o\000d\000u\000c\000t\000i\000o\000n}{chapter.8}% 5
\BOOKMARK [1][-]{section.10}{\376\377\0001\000.\0002\000\040\000L\000i\000k\000e\000l\000i\000h\000o\000o\000d}{chapter.8}% 6
\BOOKMARK [2][-]{subsection.11}{\376\377\0001\000.\0002\000.\0001\000\040\000M\000o\000d\000e\000l\000\040\000S\000p\000e\000c\000i\000f\000i\000c\000a\000t\000i\000o\000n}{section.10}% 7
\BOOKMARK [2][-]{subsection.12}{\376\377\0001\000.\0002\000.\0002\000\040\000L\000i\000k\000e\000l\000i\000h\000o\000o\000d\000\040\000F\000u\000n\000c\000t\000i\000o\000n}{section.10}% 8
\BOOKMARK [1][-]{section.13}{\376\377\0001\000.\0003\000\040\000L\000i\000n\000e\000a\000r\000\040\000M\000o\000d\000e\000l\000s}{chapter.8}% 9
\BOOKMARK [2][-]{subsection.14}{\376\377\0001\000.\0003\000.\0001\000\040}{section.13}% 10
\BOOKMARK [2][-]{subsection.15}{\376\377\0001\000.\0003\000.\0002\000\040\000T\000i\000t\000l\000e\000\040\000o\000f\000\040\000s\000u\000b\000s\000e\000c\000t\000i\000o\000n}{section.13}% 11
\BOOKMARK [2][-]{subsection.16}{\376\377\0001\000.\0003\000.\0003\000\040\000T\000i\000t\000l\000e\000\040\000o\000f\000\040\000s\000u\000b\000s\000e\000c\000t\000i\000o\000n}{section.13}% 12
\BOOKMARK [1][-]{section.18}{\376\377\0001\000.\0004\000\040\000G\000e\000n\000e\000r\000a\000l\000i\000z\000e\000d\000\040\000L\000i\000n\000e\000a\000r\000\040\000M\000o\000d\000e\000l\000s}{chapter.8}% 13
\BOOKMARK [0][-]{chapter.19}{\376\377\0002\000\040\000M\000o\000d\000e\000l\000s\000\040\000b\000a\000s\000e\000d\000\040\000o\000n\000\040\000Q\000u\000a\000s\000i\000-\000L\000i\000k\000e\000l\000i\000h\000o\000o\000d\000\040\000E\000s\000t\000i\000m\000a\000t\000i\000o\000n}{}% 14
\BOOKMARK [1][-]{section.20}{\376\377\0002\000.\0001\000\040\000Q\000u\000a\000s\000i\000-\000l\000i\000k\000e\000l\000i\000h\000o\000o\000d\000\040\000i\000n\000f\000e\000r\000e\000n\000c\000e}{chapter.19}% 15
\BOOKMARK [1][-]{section.21}{\376\377\0002\000.\0002\000\040\000Q\000u\000a\000s\000i\000-\000l\000i\000k\000e\000l\000i\000h\000o\000o\000d\000\040\000f\000u\000n\000c\000t\000i\000o\000n}{chapter.19}% 16
\BOOKMARK [2][-]{subsection.22}{\376\377\0002\000.\0002\000.\0001\000\040}{section.21}% 17
\BOOKMARK [2][-]{subsection.23}{\376\377\0002\000.\0002\000.\0002\000\040\000T\000i\000t\000l\000e\000\040\000o\000f\000\040\000s\000u\000b\000s\000e\000c\000t\000i\000o\000n}{section.21}% 18
\BOOKMARK [2][-]{subsection.24}{\376\377\0002\000.\0002\000.\0003\000\040\000T\000i\000t\000l\000e\000\040\000o\000f\000\040\000s\000u\000b\000s\000e\000c\000t\000i\000o\000n}{section.21}% 19
\BOOKMARK [1][-]{section.26}{\376\377\0002\000.\0003\000\040\000G\000e\000n\000e\000r\000a\000l\000i\000z\000e\000d\000\040\000E\000s\000t\000i\000m\000a\000t\000i\000n\000g\000\040\000E\000q\000u\000a\000t\000i\000o\000n\000s}{chapter.19}% 20
\BOOKMARK [0][-]{chapter.27}{\376\377\0003\000\040\000A\000k\000a\000i\000k\000e\000'\000s\000\040\000i\000n\000f\000o\000r\000m\000a\000t\000i\000o\000n\000\040\000C\000r\000i\000t\000e\000r\000i\000o\000n}{}% 21
\BOOKMARK [1][-]{section.28}{\376\377\0003\000.\0001\000\040\000K\000u\000l\000l\000b\000a\000c\000k\000\040\000L\000e\000i\000b\000l\000e\000r\000\040\000d\000i\000v\000e\000r\000g\000e\000n\000c\000e\000\040}{chapter.27}% 22
\BOOKMARK [1][-]{section.29}{\376\377\0003\000.\0002\000\040\000A\000I\000C\000\040}{chapter.27}% 23
\BOOKMARK [2][-]{subsection.30}{\376\377\0003\000.\0002\000.\0001\000\040\000T\000i\000t\000l\000e\000\040\000o\000f\000\040\000s\000u\000b\000s\000e\000c\000t\000i\000o\000n}{section.29}% 24
\BOOKMARK [2][-]{subsection.31}{\376\377\0003\000.\0002\000.\0002\000\040\000T\000i\000t\000l\000e\000\040\000o\000f\000\040\000s\000u\000b\000s\000e\000c\000t\000i\000o\000n}{section.29}% 25
\BOOKMARK [2][-]{subsection.32}{\376\377\0003\000.\0002\000.\0003\000\040\000T\000i\000t\000l\000e\000\040\000o\000f\000\040\000s\000u\000b\000s\000e\000c\000t\000i\000o\000n}{section.29}% 26
\BOOKMARK [1][-]{section.33}{\376\377\0003\000.\0003\000\040\000A\000I\000C\000\040\000w\000i\000t\000h\000\040\000q\000u\000a\000s\000i\000-\000l\000i\000k\000e\000l\000i\000h\000o\000o\000d\000\040\000f\000u\000n\000c\000t\000i\000o\000n}{chapter.27}% 27
\BOOKMARK [0][-]{Appendix.34}{\376\377\000A\000p\000p\000e\000n\000d\000i\000x\000\040\000\040}{}% 28
\BOOKMARK [0][-]{dummy.35}{\376\377\000B\000i\000b\000l\000i\000o\000g\000r\000a\000p\000h\000y}{}% 29
